{"sessionId": "cc83b6", "hypothesisId": "C", "location": "data_engine.load_csv", "message": "load_csv after filter", "data": {"rows_1m": 0, "first_index": null, "last_index": null}, "timestamp": 1771839748169}
{"sessionId": "cc83b6", "hypothesisId": "C", "location": "main.after_load", "message": "data_engine after load", "data": {"rows_1m": 800, "first": "2024-01-01 00:00:00", "last": "2024-01-01 13:19:00"}, "timestamp": 1771839748171}
{"sessionId": "cc83b6", "hypothesisId": "D", "location": "data_engine._maybe_emit_timeframe_completed", "message": "timeframe candle closed", "data": {"timeframe": "4h", "n_bars": 240, "completed_1m_index": 239, "candle_time": "2024-01-01 03:59:00", "close": 39770.033566367194}, "timestamp": 1771839762348}
{"sessionId": "cc83b6", "hypothesisId": "D", "location": "data_engine._maybe_emit_timeframe_completed", "message": "timeframe candle closed", "data": {"timeframe": "4h", "n_bars": 240, "completed_1m_index": 479, "candle_time": "2024-01-01 07:59:00", "close": 43322.51187538839}, "timestamp": 1771839762371}
{"sessionId": "cc83b6", "hypothesisId": "D", "location": "data_engine._maybe_emit_timeframe_completed", "message": "timeframe candle closed", "data": {"timeframe": "4h", "n_bars": 240, "completed_1m_index": 719, "candle_time": "2024-01-01 11:59:00", "close": 37194.348637317526}, "timestamp": 1771839762381}
{"sessionId": "cc83b6", "hypothesisId": "C", "location": "data_engine.load_csv", "message": "load_csv after filter", "data": {"rows_1m": 51841, "first_index": "2025-01-15 00:00:00", "last_index": "2025-02-20 00:00:00"}, "timestamp": 1771839918126}
{"sessionId": "cc83b6", "hypothesisId": "C", "location": "main.after_load", "message": "data_engine after load", "data": {"rows_1m": 51841, "first": "2025-01-15 00:00:00", "last": "2025-02-20 00:00:00"}, "timestamp": 1771839918127}
{"sessionId": "cc83b6", "hypothesisId": "D", "location": "data_engine._maybe_emit_timeframe_completed", "message": "timeframe candle closed", "data": {"timeframe": "4h", "n_bars": 240, "completed_1m_index": 239, "candle_time": "2025-01-15 03:59:00", "close": 97317.12}, "timestamp": 1771839937503}
{"sessionId": "cc83b6", "hypothesisId": "D", "location": "data_engine._maybe_emit_timeframe_completed", "message": "timeframe candle closed", "data": {"timeframe": "4h", "n_bars": 240, "completed_1m_index": 479, "candle_time": "2025-01-15 07:59:00", "close": 97301.35}, "timestamp": 1771839937511}
{"sessionId": "cc83b6", "hypothesisId": "D", "location": "data_engine._maybe_emit_timeframe_completed", "message": "timeframe candle closed", "data": {"timeframe": "4h", "n_bars": 240, "completed_1m_index": 719, "candle_time": "2025-01-15 11:59:00", "close": 96762.18}, "timestamp": 1771839937520}
{"sessionId": "cc83b6", "hypothesisId": "D", "location": "data_engine._maybe_emit_timeframe_completed", "message": "timeframe candle closed", "data": {"timeframe": "4h", "n_bars": 240, "completed_1m_index": 959, "candle_time": "2025-01-15 15:59:00", "close": 98992.42}, "timestamp": 1771839937530}
{"sessionId": "cc83b6", "hypothesisId": "D", "location": "data_engine._maybe_emit_timeframe_completed", "message": "timeframe candle closed", "data": {"timeframe": "4h", "n_bars": 240, "completed_1m_index": 1199, "candle_time": "2025-01-15 19:59:00", "close": 99844.9}, "timestamp": 1771839937538}
{"sessionId": "cc83b6", "hypothesisId": "D", "location": "data_engine._maybe_emit_timeframe_completed", "message": "timeframe candle closed", "data": {"timeframe": "4h", "n_bars": 240, "completed_1m_index": 1439, "candle_time": "2025-01-15 23:59:00", "close": 100497.35}, "timestamp": 1771839937547}
{"sessionId": "cc83b6", "hypothesisId": "D", "location": "data_engine._maybe_emit_timeframe_completed", "message": "timeframe candle closed", "data": {"timeframe": "4h", "n_bars": 240, "completed_1m_index": 1679, "candle_time": "2025-01-16 03:59:00", "close": 99478.03}, "timestamp": 1771839937555}
{"sessionId": "cc83b6", "hypothesisId": "D", "location": "data_engine._maybe_emit_timeframe_completed", "message": "timeframe candle closed", "data": {"timeframe": "4h", "n_bars": 240, "completed_1m_index": 1919, "candle_time": "2025-01-16 07:59:00", "close": 99799.99}, "timestamp": 1771839937565}
{"sessionId": "cc83b6", "hypothesisId": "D", "location": "data_engine._maybe_emit_timeframe_completed", "message": "timeframe candle closed", "data": {"timeframe": "4h", "n_bars": 240, "completed_1m_index": 2159, "candle_time": "2025-01-16 11:59:00", "close": 99158.71}, "timestamp": 1771839937572}
{"sessionId": "cc83b6", "hypothesisId": "D", "location": "data_engine._maybe_emit_timeframe_completed", "message": "timeframe candle closed", "data": {"timeframe": "4h", "n_bars": 240, "completed_1m_index": 2399, "candle_time": "2025-01-16 15:59:00", "close": 99296.17}, "timestamp": 1771839937589}
{"sessionId": "cc83b6", "hypothesisId": "D", "location": "data_engine._maybe_emit_timeframe_completed", "message": "timeframe candle closed", "data": {"timeframe": "4h", "n_bars": 240, "completed_1m_index": 2639, "candle_time": "2025-01-16 19:59:00", "close": 100417.2}, "timestamp": 1771839937598}
{"sessionId": "cc83b6", "hypothesisId": "D", "location": "data_engine._maybe_emit_timeframe_completed", "message": "timeframe candle closed", "data": {"timeframe": "4h", "n_bars": 240, "completed_1m_index": 2879, "candle_time": "2025-01-16 23:59:00", "close": 99987.3}, "timestamp": 1771839937605}
{"sessionId": "cc83b6", "hypothesisId": "D", "location": "data_engine._maybe_emit_timeframe_completed", "message": "timeframe candle closed", "data": {"timeframe": "4h", "n_bars": 240, "completed_1m_index": 3119, "candle_time": "2025-01-17 03:59:00", "close": 101051.73}, "timestamp": 1771839937616}
{"sessionId": "cc83b6", "hypothesisId": "D", "location": "data_engine._maybe_emit_timeframe_completed", "message": "timeframe candle closed", "data": {"timeframe": "4h", "n_bars": 240, "completed_1m_index": 3359, "candle_time": "2025-01-17 07:59:00", "close": 101440.5}, "timestamp": 1771839937624}
{"sessionId": "cc83b6", "hypothesisId": "D", "location": "data_engine._maybe_emit_timeframe_completed", "message": "timeframe candle closed", "data": {"timeframe": "4h", "n_bars": 240, "completed_1m_index": 3599, "candle_time": "2025-01-17 11:59:00", "close": 102237.6}, "timestamp": 1771839937632}
{"sessionId": "cc83b6", "hypothesisId": "D", "location": "data_engine._maybe_emit_timeframe_completed", "message": "timeframe candle closed", "data": {"timeframe": "4h", "n_bars": 240, "completed_1m_index": 3839, "candle_time": "2025-01-17 15:59:00", "close": 104000.0}, "timestamp": 1771839937641}
{"sessionId": "cc83b6", "hypothesisId": "D", "location": "data_engine._maybe_emit_timeframe_completed", "message": "timeframe candle closed", "data": {"timeframe": "4h", "n_bars": 240, "completed_1m_index": 4079, "candle_time": "2025-01-17 19:59:00", "close": 105834.93}, "timestamp": 1771839937649}
{"sessionId": "cc83b6", "hypothesisId": "D", "location": "data_engine._maybe_emit_timeframe_completed", "message": "timeframe candle closed", "data": {"timeframe": "4h", "n_bars": 240, "completed_1m_index": 4319, "candle_time": "2025-01-17 23:59:00", "close": 104077.48}, "timestamp": 1771839937657}
{"sessionId": "cc83b6", "hypothesisId": "D", "location": "data_engine._maybe_emit_timeframe_completed", "message": "timeframe candle closed", "data": {"timeframe": "4h", "n_bars": 240, "completed_1m_index": 4559, "candle_time": "2025-01-18 03:59:00", "close": 103559.82}, "timestamp": 1771839937666}
{"sessionId": "cc83b6", "hypothesisId": "D", "location": "data_engine._maybe_emit_timeframe_completed", "message": "timeframe candle closed", "data": {"timeframe": "4h", "n_bars": 240, "completed_1m_index": 4799, "candle_time": "2025-01-18 07:59:00", "close": 102821.75}, "timestamp": 1771839937675}
{"sessionId": "cc83b6", "hypothesisId": "D", "location": "data_engine._maybe_emit_timeframe_completed", "message": "timeframe candle closed", "data": {"timeframe": "4h", "n_bars": 240, "completed_1m_index": 5039, "candle_time": "2025-01-18 11:59:00", "close": 103589.29}, "timestamp": 1771839937686}
{"sessionId": "cc83b6", "hypothesisId": "D", "location": "data_engine._maybe_emit_timeframe_completed", "message": "timeframe candle closed", "data": {"timeframe": "4h", "n_bars": 240, "completed_1m_index": 5279, "candle_time": "2025-01-18 15:59:00", "close": 104568.96}, "timestamp": 1771839937695}
{"sessionId": "cc83b6", "hypothesisId": "D", "location": "data_engine._maybe_emit_timeframe_completed", "message": "timeframe candle closed", "data": {"timeframe": "4h", "n_bars": 240, "completed_1m_index": 5519, "candle_time": "2025-01-18 19:59:00", "close": 104382.01}, "timestamp": 1771839937705}
{"sessionId": "cc83b6", "hypothesisId": "D", "location": "data_engine._maybe_emit_timeframe_completed", "message": "timeframe candle closed", "data": {"timeframe": "4h", "n_bars": 240, "completed_1m_index": 5759, "candle_time": "2025-01-18 23:59:00", "close": 104556.23}, "timestamp": 1771839937714}
{"sessionId": "cc83b6", "hypothesisId": "D", "location": "data_engine._maybe_emit_timeframe_completed", "message": "timeframe candle closed", "data": {"timeframe": "4h", "n_bars": 240, "completed_1m_index": 5999, "candle_time": "2025-01-19 03:59:00", "close": 104984.01}, "timestamp": 1771839937721}
{"sessionId": "cc83b6", "hypothesisId": "D", "location": "data_engine._maybe_emit_timeframe_completed", "message": "timeframe candle closed", "data": {"timeframe": "4h", "n_bars": 240, "completed_1m_index": 6239, "candle_time": "2025-01-19 07:59:00", "close": 105167.12}, "timestamp": 1771839937731}
{"sessionId": "cc83b6", "hypothesisId": "D", "location": "data_engine._maybe_emit_timeframe_completed", "message": "timeframe candle closed", "data": {"timeframe": "4h", "n_bars": 240, "completed_1m_index": 6479, "candle_time": "2025-01-19 11:59:00", "close": 104363.23}, "timestamp": 1771839937741}
{"sessionId": "cc83b6", "hypothesisId": "D", "location": "data_engine._maybe_emit_timeframe_completed", "message": "timeframe candle closed", "data": {"timeframe": "4h", "n_bars": 240, "completed_1m_index": 6719, "candle_time": "2025-01-19 15:59:00", "close": 104936.35}, "timestamp": 1771839937752}
{"sessionId": "cc83b6", "hypothesisId": "D", "location": "data_engine._maybe_emit_timeframe_completed", "message": "timeframe candle closed", "data": {"timeframe": "4h", "n_bars": 240, "completed_1m_index": 6959, "candle_time": "2025-01-19 19:59:00", "close": 106200.0}, "timestamp": 1771839937761}
{"sessionId": "cc83b6", "hypothesisId": "D", "location": "data_engine._maybe_emit_timeframe_completed", "message": "timeframe candle closed", "data": {"timeframe": "4h", "n_bars": 240, "completed_1m_index": 7199, "candle_time": "2025-01-19 23:59:00", "close": 101331.57}, "timestamp": 1771839937771}
{"sessionId": "cc83b6", "hypothesisId": "D", "location": "data_engine._maybe_emit_timeframe_completed", "message": "timeframe candle closed", "data": {"timeframe": "4h", "n_bars": 240, "completed_1m_index": 7439, "candle_time": "2025-01-20 03:59:00", "close": 101891.93}, "timestamp": 1771839937781}
{"sessionId": "cc83b6", "hypothesisId": "D", "location": "data_engine._maybe_emit_timeframe_completed", "message": "timeframe candle closed", "data": {"timeframe": "4h", "n_bars": 240, "completed_1m_index": 7679, "candle_time": "2025-01-20 07:59:00", "close": 107120.65}, "timestamp": 1771839937788}
{"sessionId": "cc83b6", "hypothesisId": "D", "location": "data_engine._maybe_emit_timeframe_completed", "message": "timeframe candle closed", "data": {"timeframe": "4h", "n_bars": 240, "completed_1m_index": 7919, "candle_time": "2025-01-20 11:59:00", "close": 108239.19}, "timestamp": 1771839937796}
{"sessionId": "cc83b6", "hypothesisId": "D", "location": "data_engine._maybe_emit_timeframe_completed", "message": "timeframe candle closed", "data": {"timeframe": "4h", "n_bars": 240, "completed_1m_index": 8159, "candle_time": "2025-01-20 15:59:00", "close": 104957.99}, "timestamp": 1771839937804}
{"sessionId": "cc83b6", "hypothesisId": "D", "location": "data_engine._maybe_emit_timeframe_completed", "message": "timeframe candle closed", "data": {"timeframe": "4h", "n_bars": 240, "completed_1m_index": 8399, "candle_time": "2025-01-20 19:59:00", "close": 103691.63}, "timestamp": 1771839937812}
{"sessionId": "cc83b6", "hypothesisId": "D", "location": "data_engine._maybe_emit_timeframe_completed", "message": "timeframe candle closed", "data": {"timeframe": "4h", "n_bars": 240, "completed_1m_index": 8639, "candle_time": "2025-01-20 23:59:00", "close": 102260.01}, "timestamp": 1771839937820}
{"sessionId": "cc83b6", "hypothesisId": "D", "location": "data_engine._maybe_emit_timeframe_completed", "message": "timeframe candle closed", "data": {"timeframe": "4h", "n_bars": 240, "completed_1m_index": 8879, "candle_time": "2025-01-21 03:59:00", "close": 102936.01}, "timestamp": 1771839937828}
{"sessionId": "cc83b6", "hypothesisId": "D", "location": "data_engine._maybe_emit_timeframe_completed", "message": "timeframe candle closed", "data": {"timeframe": "4h", "n_bars": 240, "completed_1m_index": 9119, "candle_time": "2025-01-21 07:59:00", "close": 101989.05}, "timestamp": 1771839937837}
{"sessionId": "cc83b6", "hypothesisId": "D", "location": "data_engine._maybe_emit_timeframe_completed", "message": "timeframe candle closed", "data": {"timeframe": "4h", "n_bars": 240, "completed_1m_index": 9359, "candle_time": "2025-01-21 11:59:00", "close": 103758.25}, "timestamp": 1771839937846}
{"sessionId": "cc83b6", "hypothesisId": "D", "location": "data_engine._maybe_emit_timeframe_completed", "message": "timeframe candle closed", "data": {"timeframe": "4h", "n_bars": 240, "completed_1m_index": 9599, "candle_time": "2025-01-21 15:59:00", "close": 103943.0}, "timestamp": 1771839937854}
{"sessionId": "cc83b6", "hypothesisId": "D", "location": "data_engine._maybe_emit_timeframe_completed", "message": "timeframe candle closed", "data": {"timeframe": "4h", "n_bars": 240, "completed_1m_index": 9839, "candle_time": "2025-01-21 19:59:00", "close": 107031.34}, "timestamp": 1771839937862}
{"sessionId": "cc83b6", "hypothesisId": "D", "location": "data_engine._maybe_emit_timeframe_completed", "message": "timeframe candle closed", "data": {"timeframe": "4h", "n_bars": 240, "completed_1m_index": 10079, "candle_time": "2025-01-21 23:59:00", "close": 106143.82}, "timestamp": 1771839937871}
{"sessionId": "cc83b6", "hypothesisId": "D", "location": "data_engine._maybe_emit_timeframe_completed", "message": "timeframe candle closed", "data": {"timeframe": "4h", "n_bars": 240, "completed_1m_index": 10319, "candle_time": "2025-01-22 03:59:00", "close": 105600.01}, "timestamp": 1771839937880}
{"sessionId": "cc83b6", "hypothesisId": "D", "location": "data_engine._maybe_emit_timeframe_completed", "message": "timeframe candle closed", "data": {"timeframe": "4h", "n_bars": 240, "completed_1m_index": 10559, "candle_time": "2025-01-22 07:59:00", "close": 105084.77}, "timestamp": 1771839937889}
{"sessionId": "cc83b6", "hypothesisId": "D", "location": "data_engine._maybe_emit_timeframe_completed", "message": "timeframe candle closed", "data": {"timeframe": "4h", "n_bars": 240, "completed_1m_index": 10799, "candle_time": "2025-01-22 11:59:00", "close": 105100.39}, "timestamp": 1771839937897}
{"sessionId": "cc83b6", "hypothesisId": "D", "location": "data_engine._maybe_emit_timeframe_completed", "message": "timeframe candle closed", "data": {"timeframe": "4h", "n_bars": 240, "completed_1m_index": 11039, "candle_time": "2025-01-22 15:59:00", "close": 104180.01}, "timestamp": 1771839937905}
{"sessionId": "cc83b6", "hypothesisId": "D", "location": "data_engine._maybe_emit_timeframe_completed", "message": "timeframe candle closed", "data": {"timeframe": "4h", "n_bars": 240, "completed_1m_index": 11279, "candle_time": "2025-01-22 19:59:00", "close": 104630.0}, "timestamp": 1771839937913}
{"sessionId": "cc83b6", "hypothesisId": "D", "location": "data_engine._maybe_emit_timeframe_completed", "message": "timeframe candle closed", "data": {"timeframe": "4h", "n_bars": 240, "completed_1m_index": 11519, "candle_time": "2025-01-22 23:59:00", "close": 103706.66}, "timestamp": 1771839937921}
{"sessionId": "cc83b6", "hypothesisId": "D", "location": "data_engine._maybe_emit_timeframe_completed", "message": "timeframe candle closed", "data": {"timeframe": "4h", "n_bars": 240, "completed_1m_index": 11759, "candle_time": "2025-01-23 03:59:00", "close": 102461.25}, "timestamp": 1771839937929}
{"sessionId": "cc83b6", "hypothesisId": "D", "location": "data_engine._maybe_emit_timeframe_completed", "message": "timeframe candle closed", "data": {"timeframe": "4h", "n_bars": 240, "completed_1m_index": 11999, "candle_time": "2025-01-23 07:59:00", "close": 102710.27}, "timestamp": 1771839937938}
{"sessionId": "cc83b6", "hypothesisId": "D", "location": "data_engine._maybe_emit_timeframe_completed", "message": "timeframe candle closed", "data": {"timeframe": "4h", "n_bars": 240, "completed_1m_index": 12239, "candle_time": "2025-01-23 11:59:00", "close": 101944.49}, "timestamp": 1771839937947}
{"sessionId": "cc83b6", "hypothesisId": "D", "location": "data_engine._maybe_emit_timeframe_completed", "message": "timeframe candle closed", "data": {"timeframe": "4h", "n_bars": 240, "completed_1m_index": 12479, "candle_time": "2025-01-23 15:59:00", "close": 105263.52}, "timestamp": 1771839937955}
{"sessionId": "cc83b6", "hypothesisId": "D", "location": "data_engine._maybe_emit_timeframe_completed", "message": "timeframe candle closed", "data": {"timeframe": "4h", "n_bars": 240, "completed_1m_index": 12719, "candle_time": "2025-01-23 19:59:00", "close": 103770.04}, "timestamp": 1771839937964}
{"sessionId": "cc83b6", "hypothesisId": "D", "location": "data_engine._maybe_emit_timeframe_completed", "message": "timeframe candle closed", "data": {"timeframe": "4h", "n_bars": 240, "completed_1m_index": 12959, "candle_time": "2025-01-23 23:59:00", "close": 103910.34}, "timestamp": 1771839937972}
{"sessionId": "cc83b6", "hypothesisId": "D", "location": "data_engine._maybe_emit_timeframe_completed", "message": "timeframe candle closed", "data": {"timeframe": "4h", "n_bars": 240, "completed_1m_index": 13199, "candle_time": "2025-01-24 03:59:00", "close": 103891.75}, "timestamp": 1771839937979}
{"sessionId": "cc83b6", "hypothesisId": "D", "location": "data_engine._maybe_emit_timeframe_completed", "message": "timeframe candle closed", "data": {"timeframe": "4h", "n_bars": 240, "completed_1m_index": 13439, "candle_time": "2025-01-24 07:59:00", "close": 105046.8}, "timestamp": 1771839937987}
{"sessionId": "cc83b6", "hypothesisId": "D", "location": "data_engine._maybe_emit_timeframe_completed", "message": "timeframe candle closed", "data": {"timeframe": "4h", "n_bars": 240, "completed_1m_index": 13679, "candle_time": "2025-01-24 11:59:00", "close": 105420.1}, "timestamp": 1771839937995}
{"sessionId": "cc83b6", "hypothesisId": "D", "location": "data_engine._maybe_emit_timeframe_completed", "message": "timeframe candle closed", "data": {"timeframe": "4h", "n_bars": 240, "completed_1m_index": 13919, "candle_time": "2025-01-24 15:59:00", "close": 105859.98}, "timestamp": 1771839938005}
{"sessionId": "cc83b6", "hypothesisId": "D", "location": "data_engine._maybe_emit_timeframe_completed", "message": "timeframe candle closed", "data": {"timeframe": "4h", "n_bars": 240, "completed_1m_index": 14159, "candle_time": "2025-01-24 19:59:00", "close": 105760.94}, "timestamp": 1771839938013}
{"sessionId": "cc83b6", "hypothesisId": "D", "location": "data_engine._maybe_emit_timeframe_completed", "message": "timeframe candle closed", "data": {"timeframe": "4h", "n_bars": 240, "completed_1m_index": 14399, "candle_time": "2025-01-24 23:59:00", "close": 104870.5}, "timestamp": 1771839938021}
{"sessionId": "cc83b6", "hypothesisId": "D", "location": "data_engine._maybe_emit_timeframe_completed", "message": "timeframe candle closed", "data": {"timeframe": "4h", "n_bars": 240, "completed_1m_index": 14639, "candle_time": "2025-01-25 03:59:00", "close": 105202.4}, "timestamp": 1771839938031}
{"sessionId": "cc83b6", "hypothesisId": "D", "location": "data_engine._maybe_emit_timeframe_completed", "message": "timeframe candle closed", "data": {"timeframe": "4h", "n_bars": 240, "completed_1m_index": 14879, "candle_time": "2025-01-25 07:59:00", "close": 104385.98}, "timestamp": 1771839938039}
{"sessionId": "cc83b6", "hypothesisId": "D", "location": "data_engine._maybe_emit_timeframe_completed", "message": "timeframe candle closed", "data": {"timeframe": "4h", "n_bars": 240, "completed_1m_index": 15119, "candle_time": "2025-01-25 11:59:00", "close": 104670.99}, "timestamp": 1771839938047}
{"sessionId": "cc83b6", "hypothesisId": "D", "location": "data_engine._maybe_emit_timeframe_completed", "message": "timeframe candle closed", "data": {"timeframe": "4h", "n_bars": 240, "completed_1m_index": 15359, "candle_time": "2025-01-25 15:59:00", "close": 104897.79}, "timestamp": 1771839938055}
{"sessionId": "cc83b6", "hypothesisId": "D", "location": "data_engine._maybe_emit_timeframe_completed", "message": "timeframe candle closed", "data": {"timeframe": "4h", "n_bars": 240, "completed_1m_index": 15599, "candle_time": "2025-01-25 19:59:00", "close": 105055.16}, "timestamp": 1771839938063}
{"sessionId": "cc83b6", "hypothesisId": "D", "location": "data_engine._maybe_emit_timeframe_completed", "message": "timeframe candle closed", "data": {"timeframe": "4h", "n_bars": 240, "completed_1m_index": 15839, "candle_time": "2025-01-25 23:59:00", "close": 104746.85}, "timestamp": 1771839938072}
{"sessionId": "cc83b6", "hypothesisId": "D", "location": "data_engine._maybe_emit_timeframe_completed", "message": "timeframe candle closed", "data": {"timeframe": "4h", "n_bars": 240, "completed_1m_index": 16079, "candle_time": "2025-01-26 03:59:00", "close": 105062.42}, "timestamp": 1771839938079}
{"sessionId": "cc83b6", "hypothesisId": "D", "location": "data_engine._maybe_emit_timeframe_completed", "message": "timeframe candle closed", "data": {"timeframe": "4h", "n_bars": 240, "completed_1m_index": 16319, "candle_time": "2025-01-26 07:59:00", "close": 104998.35}, "timestamp": 1771839938087}
{"sessionId": "cc83b6", "hypothesisId": "D", "location": "data_engine._maybe_emit_timeframe_completed", "message": "timeframe candle closed", "data": {"timeframe": "4h", "n_bars": 240, "completed_1m_index": 16559, "candle_time": "2025-01-26 11:59:00", "close": 104818.69}, "timestamp": 1771839938096}
{"sessionId": "cc83b6", "hypothesisId": "D", "location": "data_engine._maybe_emit_timeframe_completed", "message": "timeframe candle closed", "data": {"timeframe": "4h", "n_bars": 240, "completed_1m_index": 16799, "candle_time": "2025-01-26 15:59:00", "close": 104967.01}, "timestamp": 1771839938103}
{"sessionId": "cc83b6", "hypothesisId": "D", "location": "data_engine._maybe_emit_timeframe_completed", "message": "timeframe candle closed", "data": {"timeframe": "4h", "n_bars": 240, "completed_1m_index": 17039, "candle_time": "2025-01-26 19:59:00", "close": 105081.63}, "timestamp": 1771839938111}
{"sessionId": "cc83b6", "hypothesisId": "D", "location": "data_engine._maybe_emit_timeframe_completed", "message": "timeframe candle closed", "data": {"timeframe": "4h", "n_bars": 240, "completed_1m_index": 17279, "candle_time": "2025-01-26 23:59:00", "close": 102620.0}, "timestamp": 1771839938118}
{"sessionId": "cc83b6", "hypothesisId": "D", "location": "data_engine._maybe_emit_timeframe_completed", "message": "timeframe candle closed", "data": {"timeframe": "4h", "n_bars": 240, "completed_1m_index": 17519, "candle_time": "2025-01-27 03:59:00", "close": 101395.64}, "timestamp": 1771839938126}
{"sessionId": "cc83b6", "hypothesisId": "D", "location": "data_engine._maybe_emit_timeframe_completed", "message": "timeframe candle closed", "data": {"timeframe": "4h", "n_bars": 240, "completed_1m_index": 17759, "candle_time": "2025-01-27 07:59:00", "close": 99048.02}, "timestamp": 1771839938133}
{"sessionId": "cc83b6", "hypothesisId": "D", "location": "data_engine._maybe_emit_timeframe_completed", "message": "timeframe candle closed", "data": {"timeframe": "4h", "n_bars": 240, "completed_1m_index": 17999, "candle_time": "2025-01-27 11:59:00", "close": 98761.13}, "timestamp": 1771839938140}
{"sessionId": "cc83b6", "hypothesisId": "D", "location": "data_engine._maybe_emit_timeframe_completed", "message": "timeframe candle closed", "data": {"timeframe": "4h", "n_bars": 240, "completed_1m_index": 18239, "candle_time": "2025-01-27 15:59:00", "close": 101112.03}, "timestamp": 1771839938149}
{"sessionId": "cc83b6", "hypothesisId": "D", "location": "data_engine._maybe_emit_timeframe_completed", "message": "timeframe candle closed", "data": {"timeframe": "4h", "n_bars": 240, "completed_1m_index": 18479, "candle_time": "2025-01-27 19:59:00", "close": 99700.02}, "timestamp": 1771839938157}
{"sessionId": "cc83b6", "hypothesisId": "D", "location": "data_engine._maybe_emit_timeframe_completed", "message": "timeframe candle closed", "data": {"timeframe": "4h", "n_bars": 240, "completed_1m_index": 18719, "candle_time": "2025-01-27 23:59:00", "close": 102082.83}, "timestamp": 1771839938166}
{"sessionId": "cc83b6", "hypothesisId": "D", "location": "data_engine._maybe_emit_timeframe_completed", "message": "timeframe candle closed", "data": {"timeframe": "4h", "n_bars": 240, "completed_1m_index": 18959, "candle_time": "2025-01-28 03:59:00", "close": 102636.32}, "timestamp": 1771839938176}
{"sessionId": "cc83b6", "hypothesisId": "D", "location": "data_engine._maybe_emit_timeframe_completed", "message": "timeframe candle closed", "data": {"timeframe": "4h", "n_bars": 240, "completed_1m_index": 19199, "candle_time": "2025-01-28 07:59:00", "close": 102789.72}, "timestamp": 1771839938184}
{"sessionId": "cc83b6", "hypothesisId": "D", "location": "data_engine._maybe_emit_timeframe_completed", "message": "timeframe candle closed", "data": {"timeframe": "4h", "n_bars": 240, "completed_1m_index": 19439, "candle_time": "2025-01-28 11:59:00", "close": 102762.01}, "timestamp": 1771839938192}
{"sessionId": "cc83b6", "hypothesisId": "D", "location": "data_engine._maybe_emit_timeframe_completed", "message": "timeframe candle closed", "data": {"timeframe": "4h", "n_bars": 240, "completed_1m_index": 19679, "candle_time": "2025-01-28 15:59:00", "close": 102777.99}, "timestamp": 1771839938200}
{"sessionId": "cc83b6", "hypothesisId": "D", "location": "data_engine._maybe_emit_timeframe_completed", "message": "timeframe candle closed", "data": {"timeframe": "4h", "n_bars": 240, "completed_1m_index": 19919, "candle_time": "2025-01-28 19:59:00", "close": 102424.24}, "timestamp": 1771839938210}
{"sessionId": "cc83b6", "hypothesisId": "D", "location": "data_engine._maybe_emit_timeframe_completed", "message": "timeframe candle closed", "data": {"timeframe": "4h", "n_bars": 240, "completed_1m_index": 20159, "candle_time": "2025-01-28 23:59:00", "close": 101335.52}, "timestamp": 1771839938218}
{"sessionId": "cc83b6", "hypothesisId": "D", "location": "data_engine._maybe_emit_timeframe_completed", "message": "timeframe candle closed", "data": {"timeframe": "4h", "n_bars": 240, "completed_1m_index": 20399, "candle_time": "2025-01-29 03:59:00", "close": 102038.2}, "timestamp": 1771839938226}
{"sessionId": "cc83b6", "hypothesisId": "D", "location": "data_engine._maybe_emit_timeframe_completed", "message": "timeframe candle closed", "data": {"timeframe": "4h", "n_bars": 240, "completed_1m_index": 20639, "candle_time": "2025-01-29 07:59:00", "close": 102755.82}, "timestamp": 1771839938235}
{"sessionId": "cc83b6", "hypothesisId": "D", "location": "data_engine._maybe_emit_timeframe_completed", "message": "timeframe candle closed", "data": {"timeframe": "4h", "n_bars": 240, "completed_1m_index": 20879, "candle_time": "2025-01-29 11:59:00", "close": 102646.0}, "timestamp": 1771839938243}
{"sessionId": "cc83b6", "hypothesisId": "D", "location": "data_engine._maybe_emit_timeframe_completed", "message": "timeframe candle closed", "data": {"timeframe": "4h", "n_bars": 240, "completed_1m_index": 21119, "candle_time": "2025-01-29 15:59:00", "close": 101980.78}, "timestamp": 1771839938252}
{"sessionId": "cc83b6", "hypothesisId": "D", "location": "data_engine._maybe_emit_timeframe_completed", "message": "timeframe candle closed", "data": {"timeframe": "4h", "n_bars": 240, "completed_1m_index": 21359, "candle_time": "2025-01-29 19:59:00", "close": 103583.99}, "timestamp": 1771839938259}
{"sessionId": "cc83b6", "hypothesisId": "D", "location": "data_engine._maybe_emit_timeframe_completed", "message": "timeframe candle closed", "data": {"timeframe": "4h", "n_bars": 240, "completed_1m_index": 21599, "candle_time": "2025-01-29 23:59:00", "close": 103733.24}, "timestamp": 1771839938267}
{"sessionId": "cc83b6", "hypothesisId": "D", "location": "data_engine._maybe_emit_timeframe_completed", "message": "timeframe candle closed", "data": {"timeframe": "4h", "n_bars": 240, "completed_1m_index": 21839, "candle_time": "2025-01-30 03:59:00", "close": 105196.0}, "timestamp": 1771839938275}
{"sessionId": "cc83b6", "hypothesisId": "D", "location": "data_engine._maybe_emit_timeframe_completed", "message": "timeframe candle closed", "data": {"timeframe": "4h", "n_bars": 240, "completed_1m_index": 22079, "candle_time": "2025-01-30 07:59:00", "close": 105132.07}, "timestamp": 1771839938283}
{"sessionId": "cc83b6", "hypothesisId": "D", "location": "data_engine._maybe_emit_timeframe_completed", "message": "timeframe candle closed", "data": {"timeframe": "4h", "n_bars": 240, "completed_1m_index": 22319, "candle_time": "2025-01-30 11:59:00", "close": 105300.63}, "timestamp": 1771839938293}
{"sessionId": "cc83b6", "hypothesisId": "D", "location": "data_engine._maybe_emit_timeframe_completed", "message": "timeframe candle closed", "data": {"timeframe": "4h", "n_bars": 240, "completed_1m_index": 22559, "candle_time": "2025-01-30 15:59:00", "close": 105564.0}, "timestamp": 1771839938301}
{"sessionId": "cc83b6", "hypothesisId": "D", "location": "data_engine._maybe_emit_timeframe_completed", "message": "timeframe candle closed", "data": {"timeframe": "4h", "n_bars": 240, "completed_1m_index": 22799, "candle_time": "2025-01-30 19:59:00", "close": 105711.27}, "timestamp": 1771839938309}
{"sessionId": "cc83b6", "hypothesisId": "D", "location": "data_engine._maybe_emit_timeframe_completed", "message": "timeframe candle closed", "data": {"timeframe": "4h", "n_bars": 240, "completed_1m_index": 23039, "candle_time": "2025-01-30 23:59:00", "close": 104722.94}, "timestamp": 1771839938317}
{"sessionId": "cc83b6", "hypothesisId": "D", "location": "data_engine._maybe_emit_timeframe_completed", "message": "timeframe candle closed", "data": {"timeframe": "4h", "n_bars": 240, "completed_1m_index": 23279, "candle_time": "2025-01-31 03:59:00", "close": 104344.46}, "timestamp": 1771839938324}
{"sessionId": "cc83b6", "hypothesisId": "D", "location": "data_engine._maybe_emit_timeframe_completed", "message": "timeframe candle closed", "data": {"timeframe": "4h", "n_bars": 240, "completed_1m_index": 23519, "candle_time": "2025-01-31 07:59:00", "close": 104188.56}, "timestamp": 1771839938333}
{"sessionId": "cc83b6", "hypothesisId": "D", "location": "data_engine._maybe_emit_timeframe_completed", "message": "timeframe candle closed", "data": {"timeframe": "4h", "n_bars": 240, "completed_1m_index": 23759, "candle_time": "2025-01-31 11:59:00", "close": 104736.0}, "timestamp": 1771839938341}
{"sessionId": "cc83b6", "hypothesisId": "D", "location": "data_engine._maybe_emit_timeframe_completed", "message": "timeframe candle closed", "data": {"timeframe": "4h", "n_bars": 240, "completed_1m_index": 23999, "candle_time": "2025-01-31 15:59:00", "close": 105464.01}, "timestamp": 1771839938350}
{"sessionId": "cc83b6", "hypothesisId": "D", "location": "data_engine._maybe_emit_timeframe_completed", "message": "timeframe candle closed", "data": {"timeframe": "4h", "n_bars": 240, "completed_1m_index": 24239, "candle_time": "2025-01-31 19:59:00", "close": 102312.32}, "timestamp": 1771839938359}
{"sessionId": "cc83b6", "hypothesisId": "D", "location": "data_engine._maybe_emit_timeframe_completed", "message": "timeframe candle closed", "data": {"timeframe": "4h", "n_bars": 240, "completed_1m_index": 24479, "candle_time": "2025-01-31 23:59:00", "close": 102429.56}, "timestamp": 1771839938369}
{"sessionId": "cc83b6", "hypothesisId": "D", "location": "data_engine._maybe_emit_timeframe_completed", "message": "timeframe candle closed", "data": {"timeframe": "4h", "n_bars": 240, "completed_1m_index": 24719, "candle_time": "2025-02-01 03:59:00", "close": 102249.19}, "timestamp": 1771839938379}
{"sessionId": "cc83b6", "hypothesisId": "D", "location": "data_engine._maybe_emit_timeframe_completed", "message": "timeframe candle closed", "data": {"timeframe": "4h", "n_bars": 240, "completed_1m_index": 24959, "candle_time": "2025-02-01 07:59:00", "close": 102166.49}, "timestamp": 1771839938387}
{"sessionId": "cc83b6", "hypothesisId": "D", "location": "data_engine._maybe_emit_timeframe_completed", "message": "timeframe candle closed", "data": {"timeframe": "4h", "n_bars": 240, "completed_1m_index": 25199, "candle_time": "2025-02-01 11:59:00", "close": 102028.81}, "timestamp": 1771839938396}
{"sessionId": "cc83b6", "hypothesisId": "D", "location": "data_engine._maybe_emit_timeframe_completed", "message": "timeframe candle closed", "data": {"timeframe": "4h", "n_bars": 240, "completed_1m_index": 25439, "candle_time": "2025-02-01 15:59:00", "close": 102073.89}, "timestamp": 1771839938405}
{"sessionId": "cc83b6", "hypothesisId": "D", "location": "data_engine._maybe_emit_timeframe_completed", "message": "timeframe candle closed", "data": {"timeframe": "4h", "n_bars": 240, "completed_1m_index": 25679, "candle_time": "2025-02-01 19:59:00", "close": 101669.6}, "timestamp": 1771839938413}
{"sessionId": "cc83b6", "hypothesisId": "D", "location": "data_engine._maybe_emit_timeframe_completed", "message": "timeframe candle closed", "data": {"timeframe": "4h", "n_bars": 240, "completed_1m_index": 25919, "candle_time": "2025-02-01 23:59:00", "close": 100635.65}, "timestamp": 1771839938423}
{"sessionId": "cc83b6", "hypothesisId": "D", "location": "data_engine._maybe_emit_timeframe_completed", "message": "timeframe candle closed", "data": {"timeframe": "4h", "n_bars": 240, "completed_1m_index": 26159, "candle_time": "2025-02-02 03:59:00", "close": 99206.86}, "timestamp": 1771839938431}
{"sessionId": "cc83b6", "hypothesisId": "D", "location": "data_engine._maybe_emit_timeframe_completed", "message": "timeframe candle closed", "data": {"timeframe": "4h", "n_bars": 240, "completed_1m_index": 26399, "candle_time": "2025-02-02 07:59:00", "close": 99643.3}, "timestamp": 1771839938439}
{"sessionId": "cc83b6", "hypothesisId": "D", "location": "data_engine._maybe_emit_timeframe_completed", "message": "timeframe candle closed", "data": {"timeframe": "4h", "n_bars": 240, "completed_1m_index": 26639, "candle_time": "2025-02-02 11:59:00", "close": 98864.6}, "timestamp": 1771839938449}
{"sessionId": "cc83b6", "hypothesisId": "D", "location": "data_engine._maybe_emit_timeframe_completed", "message": "timeframe candle closed", "data": {"timeframe": "4h", "n_bars": 240, "completed_1m_index": 26879, "candle_time": "2025-02-02 15:59:00", "close": 99346.87}, "timestamp": 1771839938458}
{"sessionId": "cc83b6", "hypothesisId": "D", "location": "data_engine._maybe_emit_timeframe_completed", "message": "timeframe candle closed", "data": {"timeframe": "4h", "n_bars": 240, "completed_1m_index": 27119, "candle_time": "2025-02-02 19:59:00", "close": 98273.16}, "timestamp": 1771839938467}
{"sessionId": "cc83b6", "hypothesisId": "D", "location": "data_engine._maybe_emit_timeframe_completed", "message": "timeframe candle closed", "data": {"timeframe": "4h", "n_bars": 240, "completed_1m_index": 27359, "candle_time": "2025-02-02 23:59:00", "close": 97700.59}, "timestamp": 1771839938475}
{"sessionId": "cc83b6", "hypothesisId": "D", "location": "data_engine._maybe_emit_timeframe_completed", "message": "timeframe candle closed", "data": {"timeframe": "4h", "n_bars": 240, "completed_1m_index": 27599, "candle_time": "2025-02-03 03:59:00", "close": 94038.74}, "timestamp": 1771839938483}
{"sessionId": "cc83b6", "hypothesisId": "D", "location": "data_engine._maybe_emit_timeframe_completed", "message": "timeframe candle closed", "data": {"timeframe": "4h", "n_bars": 240, "completed_1m_index": 27839, "candle_time": "2025-02-03 07:59:00", "close": 95333.01}, "timestamp": 1771839938491}
{"sessionId": "cc83b6", "hypothesisId": "D", "location": "data_engine._maybe_emit_timeframe_completed", "message": "timeframe candle closed", "data": {"timeframe": "4h", "n_bars": 240, "completed_1m_index": 28079, "candle_time": "2025-02-03 11:59:00", "close": 95107.89}, "timestamp": 1771839938499}
{"sessionId": "cc83b6", "hypothesisId": "D", "location": "data_engine._maybe_emit_timeframe_completed", "message": "timeframe candle closed", "data": {"timeframe": "4h", "n_bars": 240, "completed_1m_index": 28319, "candle_time": "2025-02-03 15:59:00", "close": 98842.0}, "timestamp": 1771839938507}
{"sessionId": "cc83b6", "hypothesisId": "D", "location": "data_engine._maybe_emit_timeframe_completed", "message": "timeframe candle closed", "data": {"timeframe": "4h", "n_bars": 240, "completed_1m_index": 28559, "candle_time": "2025-02-03 19:59:00", "close": 101880.0}, "timestamp": 1771839938515}
{"sessionId": "cc83b6", "hypothesisId": "D", "location": "data_engine._maybe_emit_timeframe_completed", "message": "timeframe candle closed", "data": {"timeframe": "4h", "n_bars": 240, "completed_1m_index": 28799, "candle_time": "2025-02-03 23:59:00", "close": 101328.52}, "timestamp": 1771839938523}
{"sessionId": "cc83b6", "hypothesisId": "D", "location": "data_engine._maybe_emit_timeframe_completed", "message": "timeframe candle closed", "data": {"timeframe": "4h", "n_bars": 240, "completed_1m_index": 29039, "candle_time": "2025-02-04 03:59:00", "close": 100629.7}, "timestamp": 1771839938532}
{"sessionId": "cc83b6", "hypothesisId": "D", "location": "data_engine._maybe_emit_timeframe_completed", "message": "timeframe candle closed", "data": {"timeframe": "4h", "n_bars": 240, "completed_1m_index": 29279, "candle_time": "2025-02-04 07:59:00", "close": 98448.02}, "timestamp": 1771839938539}
{"sessionId": "cc83b6", "hypothesisId": "D", "location": "data_engine._maybe_emit_timeframe_completed", "message": "timeframe candle closed", "data": {"timeframe": "4h", "n_bars": 240, "completed_1m_index": 29519, "candle_time": "2025-02-04 11:59:00", "close": 98967.7}, "timestamp": 1771839938549}
{"sessionId": "cc83b6", "hypothesisId": "D", "location": "data_engine._maybe_emit_timeframe_completed", "message": "timeframe candle closed", "data": {"timeframe": "4h", "n_bars": 240, "completed_1m_index": 29759, "candle_time": "2025-02-04 15:59:00", "close": 99347.19}, "timestamp": 1771839938556}
{"sessionId": "cc83b6", "hypothesisId": "D", "location": "data_engine._maybe_emit_timeframe_completed", "message": "timeframe candle closed", "data": {"timeframe": "4h", "n_bars": 240, "completed_1m_index": 29999, "candle_time": "2025-02-04 19:59:00", "close": 98859.77}, "timestamp": 1771839938564}
{"sessionId": "cc83b6", "hypothesisId": "D", "location": "data_engine._maybe_emit_timeframe_completed", "message": "timeframe candle closed", "data": {"timeframe": "4h", "n_bars": 240, "completed_1m_index": 30239, "candle_time": "2025-02-04 23:59:00", "close": 97763.13}, "timestamp": 1771839938572}
{"sessionId": "cc83b6", "hypothesisId": "D", "location": "data_engine._maybe_emit_timeframe_completed", "message": "timeframe candle closed", "data": {"timeframe": "4h", "n_bars": 240, "completed_1m_index": 30479, "candle_time": "2025-02-05 03:59:00", "close": 98040.0}, "timestamp": 1771839938580}
{"sessionId": "cc83b6", "hypothesisId": "D", "location": "data_engine._maybe_emit_timeframe_completed", "message": "timeframe candle closed", "data": {"timeframe": "4h", "n_bars": 240, "completed_1m_index": 30719, "candle_time": "2025-02-05 07:59:00", "close": 97864.43}, "timestamp": 1771839938588}
{"sessionId": "cc83b6", "hypothesisId": "D", "location": "data_engine._maybe_emit_timeframe_completed", "message": "timeframe candle closed", "data": {"timeframe": "4h", "n_bars": 240, "completed_1m_index": 30959, "candle_time": "2025-02-05 11:59:00", "close": 98198.0}, "timestamp": 1771839938596}
{"sessionId": "cc83b6", "hypothesisId": "D", "location": "data_engine._maybe_emit_timeframe_completed", "message": "timeframe candle closed", "data": {"timeframe": "4h", "n_bars": 240, "completed_1m_index": 31199, "candle_time": "2025-02-05 15:59:00", "close": 98116.24}, "timestamp": 1771839938603}
{"sessionId": "cc83b6", "hypothesisId": "D", "location": "data_engine._maybe_emit_timeframe_completed", "message": "timeframe candle closed", "data": {"timeframe": "4h", "n_bars": 240, "completed_1m_index": 31439, "candle_time": "2025-02-05 19:59:00", "close": 97370.0}, "timestamp": 1771839938613}
{"sessionId": "cc83b6", "hypothesisId": "D", "location": "data_engine._maybe_emit_timeframe_completed", "message": "timeframe candle closed", "data": {"timeframe": "4h", "n_bars": 240, "completed_1m_index": 31679, "candle_time": "2025-02-05 23:59:00", "close": 96612.43}, "timestamp": 1771839938620}
{"sessionId": "cc83b6", "hypothesisId": "D", "location": "data_engine._maybe_emit_timeframe_completed", "message": "timeframe candle closed", "data": {"timeframe": "4h", "n_bars": 240, "completed_1m_index": 31919, "candle_time": "2025-02-06 03:59:00", "close": 97355.67}, "timestamp": 1771839938630}
{"sessionId": "cc83b6", "hypothesisId": "D", "location": "data_engine._maybe_emit_timeframe_completed", "message": "timeframe candle closed", "data": {"timeframe": "4h", "n_bars": 240, "completed_1m_index": 32159, "candle_time": "2025-02-06 07:59:00", "close": 98195.61}, "timestamp": 1771839938638}
{"sessionId": "cc83b6", "hypothesisId": "D", "location": "data_engine._maybe_emit_timeframe_completed", "message": "timeframe candle closed", "data": {"timeframe": "4h", "n_bars": 240, "completed_1m_index": 32399, "candle_time": "2025-02-06 11:59:00", "close": 98877.99}, "timestamp": 1771839938646}
{"sessionId": "cc83b6", "hypothesisId": "D", "location": "data_engine._maybe_emit_timeframe_completed", "message": "timeframe candle closed", "data": {"timeframe": "4h", "n_bars": 240, "completed_1m_index": 32639, "candle_time": "2025-02-06 15:59:00", "close": 97333.09}, "timestamp": 1771839938654}
{"sessionId": "cc83b6", "hypothesisId": "D", "location": "data_engine._maybe_emit_timeframe_completed", "message": "timeframe candle closed", "data": {"timeframe": "4h", "n_bars": 240, "completed_1m_index": 32879, "candle_time": "2025-02-06 19:59:00", "close": 95983.0}, "timestamp": 1771839938662}
{"sessionId": "cc83b6", "hypothesisId": "D", "location": "data_engine._maybe_emit_timeframe_completed", "message": "timeframe candle closed", "data": {"timeframe": "4h", "n_bars": 240, "completed_1m_index": 33119, "candle_time": "2025-02-06 23:59:00", "close": 96554.35}, "timestamp": 1771839938671}
{"sessionId": "cc83b6", "hypothesisId": "D", "location": "data_engine._maybe_emit_timeframe_completed", "message": "timeframe candle closed", "data": {"timeframe": "4h", "n_bars": 240, "completed_1m_index": 33359, "candle_time": "2025-02-07 03:59:00", "close": 97444.04}, "timestamp": 1771839938679}
{"sessionId": "cc83b6", "hypothesisId": "D", "location": "data_engine._maybe_emit_timeframe_completed", "message": "timeframe candle closed", "data": {"timeframe": "4h", "n_bars": 240, "completed_1m_index": 33599, "candle_time": "2025-02-07 07:59:00", "close": 96757.05}, "timestamp": 1771839938686}
{"sessionId": "cc83b6", "hypothesisId": "D", "location": "data_engine._maybe_emit_timeframe_completed", "message": "timeframe candle closed", "data": {"timeframe": "4h", "n_bars": 240, "completed_1m_index": 33839, "candle_time": "2025-02-07 11:59:00", "close": 97750.0}, "timestamp": 1771839938695}
{"sessionId": "cc83b6", "hypothesisId": "D", "location": "data_engine._maybe_emit_timeframe_completed", "message": "timeframe candle closed", "data": {"timeframe": "4h", "n_bars": 240, "completed_1m_index": 34079, "candle_time": "2025-02-07 15:59:00", "close": 98283.98}, "timestamp": 1771839938703}
{"sessionId": "cc83b6", "hypothesisId": "D", "location": "data_engine._maybe_emit_timeframe_completed", "message": "timeframe candle closed", "data": {"timeframe": "4h", "n_bars": 240, "completed_1m_index": 34319, "candle_time": "2025-02-07 19:59:00", "close": 96898.56}, "timestamp": 1771839938712}
{"sessionId": "cc83b6", "hypothesisId": "D", "location": "data_engine._maybe_emit_timeframe_completed", "message": "timeframe candle closed", "data": {"timeframe": "4h", "n_bars": 240, "completed_1m_index": 34559, "candle_time": "2025-02-07 23:59:00", "close": 96506.8}, "timestamp": 1771839938720}
{"sessionId": "cc83b6", "hypothesisId": "D", "location": "data_engine._maybe_emit_timeframe_completed", "message": "timeframe candle closed", "data": {"timeframe": "4h", "n_bars": 240, "completed_1m_index": 34799, "candle_time": "2025-02-08 03:59:00", "close": 96699.23}, "timestamp": 1771839938728}
{"sessionId": "cc83b6", "hypothesisId": "D", "location": "data_engine._maybe_emit_timeframe_completed", "message": "timeframe candle closed", "data": {"timeframe": "4h", "n_bars": 240, "completed_1m_index": 35039, "candle_time": "2025-02-08 07:59:00", "close": 96209.92}, "timestamp": 1771839938737}
{"sessionId": "cc83b6", "hypothesisId": "D", "location": "data_engine._maybe_emit_timeframe_completed", "message": "timeframe candle closed", "data": {"timeframe": "4h", "n_bars": 240, "completed_1m_index": 35279, "candle_time": "2025-02-08 11:59:00", "close": 96120.0}, "timestamp": 1771839938745}
{"sessionId": "cc83b6", "hypothesisId": "D", "location": "data_engine._maybe_emit_timeframe_completed", "message": "timeframe candle closed", "data": {"timeframe": "4h", "n_bars": 240, "completed_1m_index": 35519, "candle_time": "2025-02-08 15:59:00", "close": 95843.74}, "timestamp": 1771839938768}
{"sessionId": "cc83b6", "hypothesisId": "D", "location": "data_engine._maybe_emit_timeframe_completed", "message": "timeframe candle closed", "data": {"timeframe": "4h", "n_bars": 240, "completed_1m_index": 35759, "candle_time": "2025-02-08 19:59:00", "close": 96579.99}, "timestamp": 1771839938777}
{"sessionId": "cc83b6", "hypothesisId": "D", "location": "data_engine._maybe_emit_timeframe_completed", "message": "timeframe candle closed", "data": {"timeframe": "4h", "n_bars": 240, "completed_1m_index": 35999, "candle_time": "2025-02-08 23:59:00", "close": 96444.74}, "timestamp": 1771839938785}
{"sessionId": "cc83b6", "hypothesisId": "D", "location": "data_engine._maybe_emit_timeframe_completed", "message": "timeframe candle closed", "data": {"timeframe": "4h", "n_bars": 240, "completed_1m_index": 36239, "candle_time": "2025-02-09 03:59:00", "close": 97300.0}, "timestamp": 1771839938794}
{"sessionId": "cc83b6", "hypothesisId": "D", "location": "data_engine._maybe_emit_timeframe_completed", "message": "timeframe candle closed", "data": {"timeframe": "4h", "n_bars": 240, "completed_1m_index": 36479, "candle_time": "2025-02-09 07:59:00", "close": 97057.83}, "timestamp": 1771839938802}
{"sessionId": "cc83b6", "hypothesisId": "D", "location": "data_engine._maybe_emit_timeframe_completed", "message": "timeframe candle closed", "data": {"timeframe": "4h", "n_bars": 240, "completed_1m_index": 36719, "candle_time": "2025-02-09 11:59:00", "close": 96554.01}, "timestamp": 1771839938811}
{"sessionId": "cc83b6", "hypothesisId": "D", "location": "data_engine._maybe_emit_timeframe_completed", "message": "timeframe candle closed", "data": {"timeframe": "4h", "n_bars": 240, "completed_1m_index": 36959, "candle_time": "2025-02-09 15:59:00", "close": 96488.15}, "timestamp": 1771839938819}
{"sessionId": "cc83b6", "hypothesisId": "D", "location": "data_engine._maybe_emit_timeframe_completed", "message": "timeframe candle closed", "data": {"timeframe": "4h", "n_bars": 240, "completed_1m_index": 37199, "candle_time": "2025-02-09 19:59:00", "close": 96064.74}, "timestamp": 1771839938827}
{"sessionId": "cc83b6", "hypothesisId": "D", "location": "data_engine._maybe_emit_timeframe_completed", "message": "timeframe candle closed", "data": {"timeframe": "4h", "n_bars": 240, "completed_1m_index": 37439, "candle_time": "2025-02-09 23:59:00", "close": 96462.75}, "timestamp": 1771839938836}
{"sessionId": "cc83b6", "hypothesisId": "D", "location": "data_engine._maybe_emit_timeframe_completed", "message": "timeframe candle closed", "data": {"timeframe": "4h", "n_bars": 240, "completed_1m_index": 37679, "candle_time": "2025-02-10 03:59:00", "close": 96814.98}, "timestamp": 1771839938844}
{"sessionId": "cc83b6", "hypothesisId": "D", "location": "data_engine._maybe_emit_timeframe_completed", "message": "timeframe candle closed", "data": {"timeframe": "4h", "n_bars": 240, "completed_1m_index": 37919, "candle_time": "2025-02-10 07:59:00", "close": 97429.83}, "timestamp": 1771839938854}
{"sessionId": "cc83b6", "hypothesisId": "D", "location": "data_engine._maybe_emit_timeframe_completed", "message": "timeframe candle closed", "data": {"timeframe": "4h", "n_bars": 240, "completed_1m_index": 38159, "candle_time": "2025-02-10 11:59:00", "close": 97661.16}, "timestamp": 1771839938862}
{"sessionId": "cc83b6", "hypothesisId": "D", "location": "data_engine._maybe_emit_timeframe_completed", "message": "timeframe candle closed", "data": {"timeframe": "4h", "n_bars": 240, "completed_1m_index": 38399, "candle_time": "2025-02-10 15:59:00", "close": 97218.69}, "timestamp": 1771839938870}
{"sessionId": "cc83b6", "hypothesisId": "D", "location": "data_engine._maybe_emit_timeframe_completed", "message": "timeframe candle closed", "data": {"timeframe": "4h", "n_bars": 240, "completed_1m_index": 38639, "candle_time": "2025-02-10 19:59:00", "close": 97376.0}, "timestamp": 1771839938879}
{"sessionId": "cc83b6", "hypothesisId": "D", "location": "data_engine._maybe_emit_timeframe_completed", "message": "timeframe candle closed", "data": {"timeframe": "4h", "n_bars": 240, "completed_1m_index": 38879, "candle_time": "2025-02-10 23:59:00", "close": 97430.82}, "timestamp": 1771839938887}
{"sessionId": "cc83b6", "hypothesisId": "D", "location": "data_engine._maybe_emit_timeframe_completed", "message": "timeframe candle closed", "data": {"timeframe": "4h", "n_bars": 240, "completed_1m_index": 39119, "candle_time": "2025-02-11 03:59:00", "close": 97607.3}, "timestamp": 1771839938896}
{"sessionId": "cc83b6", "hypothesisId": "D", "location": "data_engine._maybe_emit_timeframe_completed", "message": "timeframe candle closed", "data": {"timeframe": "4h", "n_bars": 240, "completed_1m_index": 39359, "candle_time": "2025-02-11 07:59:00", "close": 98268.97}, "timestamp": 1771839938906}
{"sessionId": "cc83b6", "hypothesisId": "D", "location": "data_engine._maybe_emit_timeframe_completed", "message": "timeframe candle closed", "data": {"timeframe": "4h", "n_bars": 240, "completed_1m_index": 39599, "candle_time": "2025-02-11 11:59:00", "close": 98151.52}, "timestamp": 1771839938914}
{"sessionId": "cc83b6", "hypothesisId": "D", "location": "data_engine._maybe_emit_timeframe_completed", "message": "timeframe candle closed", "data": {"timeframe": "4h", "n_bars": 240, "completed_1m_index": 39839, "candle_time": "2025-02-11 15:59:00", "close": 97007.53}, "timestamp": 1771839938922}
{"sessionId": "cc83b6", "hypothesisId": "D", "location": "data_engine._maybe_emit_timeframe_completed", "message": "timeframe candle closed", "data": {"timeframe": "4h", "n_bars": 240, "completed_1m_index": 40079, "candle_time": "2025-02-11 19:59:00", "close": 95040.82}, "timestamp": 1771839938929}
{"sessionId": "cc83b6", "hypothesisId": "D", "location": "data_engine._maybe_emit_timeframe_completed", "message": "timeframe candle closed", "data": {"timeframe": "4h", "n_bars": 240, "completed_1m_index": 40319, "candle_time": "2025-02-11 23:59:00", "close": 95778.2}, "timestamp": 1771839938939}
{"sessionId": "cc83b6", "hypothesisId": "D", "location": "data_engine._maybe_emit_timeframe_completed", "message": "timeframe candle closed", "data": {"timeframe": "4h", "n_bars": 240, "completed_1m_index": 40559, "candle_time": "2025-02-12 03:59:00", "close": 95299.27}, "timestamp": 1771839938946}
{"sessionId": "cc83b6", "hypothesisId": "D", "location": "data_engine._maybe_emit_timeframe_completed", "message": "timeframe candle closed", "data": {"timeframe": "4h", "n_bars": 240, "completed_1m_index": 40799, "candle_time": "2025-02-12 07:59:00", "close": 96069.58}, "timestamp": 1771839938953}
{"sessionId": "cc83b6", "hypothesisId": "D", "location": "data_engine._maybe_emit_timeframe_completed", "message": "timeframe candle closed", "data": {"timeframe": "4h", "n_bars": 240, "completed_1m_index": 41039, "candle_time": "2025-02-12 11:59:00", "close": 96094.65}, "timestamp": 1771839938961}
{"sessionId": "cc83b6", "hypothesisId": "D", "location": "data_engine._maybe_emit_timeframe_completed", "message": "timeframe candle closed", "data": {"timeframe": "4h", "n_bars": 240, "completed_1m_index": 41279, "candle_time": "2025-02-12 15:59:00", "close": 95816.18}, "timestamp": 1771839938968}
{"sessionId": "cc83b6", "hypothesisId": "D", "location": "data_engine._maybe_emit_timeframe_completed", "message": "timeframe candle closed", "data": {"timeframe": "4h", "n_bars": 240, "completed_1m_index": 41519, "candle_time": "2025-02-12 19:59:00", "close": 97205.06}, "timestamp": 1771839938976}
{"sessionId": "cc83b6", "hypothesisId": "D", "location": "data_engine._maybe_emit_timeframe_completed", "message": "timeframe candle closed", "data": {"timeframe": "4h", "n_bars": 240, "completed_1m_index": 41759, "candle_time": "2025-02-12 23:59:00", "close": 97869.99}, "timestamp": 1771839938983}
{"sessionId": "cc83b6", "hypothesisId": "D", "location": "data_engine._maybe_emit_timeframe_completed", "message": "timeframe candle closed", "data": {"timeframe": "4h", "n_bars": 240, "completed_1m_index": 41999, "candle_time": "2025-02-13 03:59:00", "close": 97498.42}, "timestamp": 1771839938990}
{"sessionId": "cc83b6", "hypothesisId": "D", "location": "data_engine._maybe_emit_timeframe_completed", "message": "timeframe candle closed", "data": {"timeframe": "4h", "n_bars": 240, "completed_1m_index": 42239, "candle_time": "2025-02-13 07:59:00", "close": 96070.23}, "timestamp": 1771839938998}
{"sessionId": "cc83b6", "hypothesisId": "D", "location": "data_engine._maybe_emit_timeframe_completed", "message": "timeframe candle closed", "data": {"timeframe": "4h", "n_bars": 240, "completed_1m_index": 42479, "candle_time": "2025-02-13 11:59:00", "close": 95925.11}, "timestamp": 1771839939005}
{"sessionId": "cc83b6", "hypothesisId": "D", "location": "data_engine._maybe_emit_timeframe_completed", "message": "timeframe candle closed", "data": {"timeframe": "4h", "n_bars": 240, "completed_1m_index": 42719, "candle_time": "2025-02-13 15:59:00", "close": 95998.0}, "timestamp": 1771839939014}
{"sessionId": "cc83b6", "hypothesisId": "D", "location": "data_engine._maybe_emit_timeframe_completed", "message": "timeframe candle closed", "data": {"timeframe": "4h", "n_bars": 240, "completed_1m_index": 42959, "candle_time": "2025-02-13 19:59:00", "close": 95627.76}, "timestamp": 1771839939021}
{"sessionId": "cc83b6", "hypothesisId": "D", "location": "data_engine._maybe_emit_timeframe_completed", "message": "timeframe candle closed", "data": {"timeframe": "4h", "n_bars": 240, "completed_1m_index": 43199, "candle_time": "2025-02-13 23:59:00", "close": 96608.14}, "timestamp": 1771839939029}
{"sessionId": "cc83b6", "hypothesisId": "D", "location": "data_engine._maybe_emit_timeframe_completed", "message": "timeframe candle closed", "data": {"timeframe": "4h", "n_bars": 240, "completed_1m_index": 43439, "candle_time": "2025-02-14 03:59:00", "close": 97129.98}, "timestamp": 1771839939037}
{"sessionId": "cc83b6", "hypothesisId": "D", "location": "data_engine._maybe_emit_timeframe_completed", "message": "timeframe candle closed", "data": {"timeframe": "4h", "n_bars": 240, "completed_1m_index": 43679, "candle_time": "2025-02-14 07:59:00", "close": 96944.09}, "timestamp": 1771839939046}
{"sessionId": "cc83b6", "hypothesisId": "D", "location": "data_engine._maybe_emit_timeframe_completed", "message": "timeframe candle closed", "data": {"timeframe": "4h", "n_bars": 240, "completed_1m_index": 43919, "candle_time": "2025-02-14 11:59:00", "close": 96887.56}, "timestamp": 1771839939054}
{"sessionId": "cc83b6", "hypothesisId": "D", "location": "data_engine._maybe_emit_timeframe_completed", "message": "timeframe candle closed", "data": {"timeframe": "4h", "n_bars": 240, "completed_1m_index": 44159, "candle_time": "2025-02-14 15:59:00", "close": 96924.39}, "timestamp": 1771839939062}
{"sessionId": "cc83b6", "hypothesisId": "D", "location": "data_engine._maybe_emit_timeframe_completed", "message": "timeframe candle closed", "data": {"timeframe": "4h", "n_bars": 240, "completed_1m_index": 44399, "candle_time": "2025-02-14 19:59:00", "close": 97940.45}, "timestamp": 1771839939070}
{"sessionId": "cc83b6", "hypothesisId": "D", "location": "data_engine._maybe_emit_timeframe_completed", "message": "timeframe candle closed", "data": {"timeframe": "4h", "n_bars": 240, "completed_1m_index": 44639, "candle_time": "2025-02-14 23:59:00", "close": 97500.48}, "timestamp": 1771839939080}
{"sessionId": "cc83b6", "hypothesisId": "D", "location": "data_engine._maybe_emit_timeframe_completed", "message": "timeframe candle closed", "data": {"timeframe": "4h", "n_bars": 240, "completed_1m_index": 44879, "candle_time": "2025-02-15 03:59:00", "close": 97653.19}, "timestamp": 1771839939087}
{"sessionId": "cc83b6", "hypothesisId": "D", "location": "data_engine._maybe_emit_timeframe_completed", "message": "timeframe candle closed", "data": {"timeframe": "4h", "n_bars": 240, "completed_1m_index": 45119, "candle_time": "2025-02-15 07:59:00", "close": 97346.26}, "timestamp": 1771839939097}
{"sessionId": "cc83b6", "hypothesisId": "D", "location": "data_engine._maybe_emit_timeframe_completed", "message": "timeframe candle closed", "data": {"timeframe": "4h", "n_bars": 240, "completed_1m_index": 45359, "candle_time": "2025-02-15 11:59:00", "close": 97615.59}, "timestamp": 1771839939106}
{"sessionId": "cc83b6", "hypothesisId": "D", "location": "data_engine._maybe_emit_timeframe_completed", "message": "timeframe candle closed", "data": {"timeframe": "4h", "n_bars": 240, "completed_1m_index": 45599, "candle_time": "2025-02-15 15:59:00", "close": 97633.22}, "timestamp": 1771839939114}
{"sessionId": "cc83b6", "hypothesisId": "D", "location": "data_engine._maybe_emit_timeframe_completed", "message": "timeframe candle closed", "data": {"timeframe": "4h", "n_bars": 240, "completed_1m_index": 45839, "candle_time": "2025-02-15 19:59:00", "close": 97531.9}, "timestamp": 1771839939123}
{"sessionId": "cc83b6", "hypothesisId": "D", "location": "data_engine._maybe_emit_timeframe_completed", "message": "timeframe candle closed", "data": {"timeframe": "4h", "n_bars": 240, "completed_1m_index": 46079, "candle_time": "2025-02-15 23:59:00", "close": 97569.66}, "timestamp": 1771839939132}
{"sessionId": "cc83b6", "hypothesisId": "D", "location": "data_engine._maybe_emit_timeframe_completed", "message": "timeframe candle closed", "data": {"timeframe": "4h", "n_bars": 240, "completed_1m_index": 46319, "candle_time": "2025-02-16 03:59:00", "close": 97547.17}, "timestamp": 1771839939140}
{"sessionId": "cc83b6", "hypothesisId": "D", "location": "data_engine._maybe_emit_timeframe_completed", "message": "timeframe candle closed", "data": {"timeframe": "4h", "n_bars": 240, "completed_1m_index": 46559, "candle_time": "2025-02-16 07:59:00", "close": 97248.98}, "timestamp": 1771839939148}
{"sessionId": "cc83b6", "hypothesisId": "D", "location": "data_engine._maybe_emit_timeframe_completed", "message": "timeframe candle closed", "data": {"timeframe": "4h", "n_bars": 240, "completed_1m_index": 46799, "candle_time": "2025-02-16 11:59:00", "close": 97336.0}, "timestamp": 1771839939156}
{"sessionId": "cc83b6", "hypothesisId": "D", "location": "data_engine._maybe_emit_timeframe_completed", "message": "timeframe candle closed", "data": {"timeframe": "4h", "n_bars": 240, "completed_1m_index": 47039, "candle_time": "2025-02-16 15:59:00", "close": 96911.01}, "timestamp": 1771839939164}
{"sessionId": "cc83b6", "hypothesisId": "D", "location": "data_engine._maybe_emit_timeframe_completed", "message": "timeframe candle closed", "data": {"timeframe": "4h", "n_bars": 240, "completed_1m_index": 47279, "candle_time": "2025-02-16 19:59:00", "close": 97058.47}, "timestamp": 1771839939173}
{"sessionId": "cc83b6", "hypothesisId": "D", "location": "data_engine._maybe_emit_timeframe_completed", "message": "timeframe candle closed", "data": {"timeframe": "4h", "n_bars": 240, "completed_1m_index": 47519, "candle_time": "2025-02-16 23:59:00", "close": 96118.12}, "timestamp": 1771839939181}
{"sessionId": "cc83b6", "hypothesisId": "D", "location": "data_engine._maybe_emit_timeframe_completed", "message": "timeframe candle closed", "data": {"timeframe": "4h", "n_bars": 240, "completed_1m_index": 47759, "candle_time": "2025-02-17 03:59:00", "close": 96215.33}, "timestamp": 1771839939188}
{"sessionId": "cc83b6", "hypothesisId": "D", "location": "data_engine._maybe_emit_timeframe_completed", "message": "timeframe candle closed", "data": {"timeframe": "4h", "n_bars": 240, "completed_1m_index": 47999, "candle_time": "2025-02-17 07:59:00", "close": 96068.22}, "timestamp": 1771839939197}
{"sessionId": "cc83b6", "hypothesisId": "D", "location": "data_engine._maybe_emit_timeframe_completed", "message": "timeframe candle closed", "data": {"timeframe": "4h", "n_bars": 240, "completed_1m_index": 48239, "candle_time": "2025-02-17 11:59:00", "close": 96063.18}, "timestamp": 1771839939205}
{"sessionId": "cc83b6", "hypothesisId": "D", "location": "data_engine._maybe_emit_timeframe_completed", "message": "timeframe candle closed", "data": {"timeframe": "4h", "n_bars": 240, "completed_1m_index": 48479, "candle_time": "2025-02-17 15:59:00", "close": 95659.46}, "timestamp": 1771839939213}
{"sessionId": "cc83b6", "hypothesisId": "D", "location": "data_engine._maybe_emit_timeframe_completed", "message": "timeframe candle closed", "data": {"timeframe": "4h", "n_bars": 240, "completed_1m_index": 48719, "candle_time": "2025-02-17 19:59:00", "close": 95531.36}, "timestamp": 1771839939221}
{"sessionId": "cc83b6", "hypothesisId": "D", "location": "data_engine._maybe_emit_timeframe_completed", "message": "timeframe candle closed", "data": {"timeframe": "4h", "n_bars": 240, "completed_1m_index": 48959, "candle_time": "2025-02-17 23:59:00", "close": 95780.0}, "timestamp": 1771839939229}
{"sessionId": "cc83b6", "hypothesisId": "D", "location": "data_engine._maybe_emit_timeframe_completed", "message": "timeframe candle closed", "data": {"timeframe": "4h", "n_bars": 240, "completed_1m_index": 49199, "candle_time": "2025-02-18 03:59:00", "close": 96200.0}, "timestamp": 1771839939238}
{"sessionId": "cc83b6", "hypothesisId": "D", "location": "data_engine._maybe_emit_timeframe_completed", "message": "timeframe candle closed", "data": {"timeframe": "4h", "n_bars": 240, "completed_1m_index": 49439, "candle_time": "2025-02-18 07:59:00", "close": 95456.93}, "timestamp": 1771839939247}
{"sessionId": "cc83b6", "hypothesisId": "D", "location": "data_engine._maybe_emit_timeframe_completed", "message": "timeframe candle closed", "data": {"timeframe": "4h", "n_bars": 240, "completed_1m_index": 49679, "candle_time": "2025-02-18 11:59:00", "close": 95640.34}, "timestamp": 1771839939255}
{"sessionId": "cc83b6", "hypothesisId": "D", "location": "data_engine._maybe_emit_timeframe_completed", "message": "timeframe candle closed", "data": {"timeframe": "4h", "n_bars": 240, "completed_1m_index": 49919, "candle_time": "2025-02-18 15:59:00", "close": 95546.48}, "timestamp": 1771839939266}
{"sessionId": "cc83b6", "hypothesisId": "D", "location": "data_engine._maybe_emit_timeframe_completed", "message": "timeframe candle closed", "data": {"timeframe": "4h", "n_bars": 240, "completed_1m_index": 50159, "candle_time": "2025-02-18 19:59:00", "close": 94104.14}, "timestamp": 1771839939276}
{"sessionId": "cc83b6", "hypothesisId": "D", "location": "data_engine._maybe_emit_timeframe_completed", "message": "timeframe candle closed", "data": {"timeframe": "4h", "n_bars": 240, "completed_1m_index": 50399, "candle_time": "2025-02-18 23:59:00", "close": 95671.74}, "timestamp": 1771839939284}
{"sessionId": "cc83b6", "hypothesisId": "D", "location": "data_engine._maybe_emit_timeframe_completed", "message": "timeframe candle closed", "data": {"timeframe": "4h", "n_bars": 240, "completed_1m_index": 50639, "candle_time": "2025-02-19 03:59:00", "close": 95710.26}, "timestamp": 1771839939292}
{"sessionId": "cc83b6", "hypothesisId": "D", "location": "data_engine._maybe_emit_timeframe_completed", "message": "timeframe candle closed", "data": {"timeframe": "4h", "n_bars": 240, "completed_1m_index": 50879, "candle_time": "2025-02-19 07:59:00", "close": 95687.71}, "timestamp": 1771839939300}
{"sessionId": "cc83b6", "hypothesisId": "D", "location": "data_engine._maybe_emit_timeframe_completed", "message": "timeframe candle closed", "data": {"timeframe": "4h", "n_bars": 240, "completed_1m_index": 51119, "candle_time": "2025-02-19 11:59:00", "close": 96422.6}, "timestamp": 1771839939308}
{"sessionId": "cc83b6", "hypothesisId": "D", "location": "data_engine._maybe_emit_timeframe_completed", "message": "timeframe candle closed", "data": {"timeframe": "4h", "n_bars": 240, "completed_1m_index": 51359, "candle_time": "2025-02-19 15:59:00", "close": 95943.74}, "timestamp": 1771839939317}
{"sessionId": "cc83b6", "hypothesisId": "D", "location": "data_engine._maybe_emit_timeframe_completed", "message": "timeframe candle closed", "data": {"timeframe": "4h", "n_bars": 240, "completed_1m_index": 51599, "candle_time": "2025-02-19 19:59:00", "close": 96206.54}, "timestamp": 1771839939325}
{"sessionId": "cc83b6", "hypothesisId": "D", "location": "data_engine._maybe_emit_timeframe_completed", "message": "timeframe candle closed", "data": {"timeframe": "4h", "n_bars": 240, "completed_1m_index": 51839, "candle_time": "2025-02-19 23:59:00", "close": 96644.37}, "timestamp": 1771839939335}
